<?xml version="1.0" encoding="UTF-8"?>
<testsuite name="com.sen.code.ReceiptGeneratorSpec" tests="4" skipped="0" failures="0" errors="0" timestamp="2018-11-01T09:33:30" hostname="WGC1005Q55T72" time="0.048">
  <properties/>
  <testcase name="generatesTotalCostForTwoImportedBooks" classname="com.sen.code.ReceiptGeneratorSpec" time="0.047"/>
  <testcase name="generatesTotalCostForOneCDAndOneBook" classname="com.sen.code.ReceiptGeneratorSpec" time="0.0"/>
  <testcase name="generatesReceiptForOneBook" classname="com.sen.code.ReceiptGeneratorSpec" time="0.0"/>
  <testcase name="generatesReceiptForOneImportedBook" classname="com.sen.code.ReceiptGeneratorSpec" time="0.0"/>
  <system-out><![CDATA[]]></system-out>
  <system-err><![CDATA[]]></system-err>
</testsuite>
